Loading .env environment variables...
Fetching 9 files:   0%|          | 0/9 [00:00<?, ?it/s]Fetching 9 files: 100%|██████████| 9/9 [00:00<00:00, 29239.92it/s]
model loaded
RUN matplotlib-3
Assertion Error
RUN matplotlib-7
DONE 8931
RUN matplotlib-8
DONE 9092
RUN matplotlib-10
Timeout!
RUN numpy-8
DONE 6704
RUN Pillow-14
DONE 1447
RUN Pillow-15
DONE 1269
RUN scipy-5
Traceback (most recent call last):
  File "/home/wonseok/TypeT5/my_test.py", line 196, in <module>
    predicted_sigmap = run_typet5(main_path / sub_path)
  File "/home/wonseok/TypeT5/my_test.py", line 134, in run_typet5
    project = PythonProject.parse_from_root(proj_root)
  File "/home/wonseok/TypeT5/src/typet5/static_analysis.py", line 548, in parse_from_root
    raise FileNotFoundError(f"Project root not exist: {root}")
FileNotFoundError: Project root not exist: /home/wonseok/ExcePy_Present/data/scipy/scipy-5/scipy/scipy
